<?xml version="1.0" encoding="UTF-8"?>
<!-- Generated by org.testng.reporters.JUnitXMLReporter -->
<testsuite ignored="0" hostname="KK-LAPTOP" failures="1" tests="4" name="testng-rerun" time="0.055" errors="0" timestamp="26 May 2024 15:44:26 GMT">
  <testcase classname="org.pom.Sample" name="tc1" time="0.014">
    <skipped/>
  </testcase> <!-- tc1 -->
  <testcase classname="org.pom.Sample" name="tc1" time="0.0">
    <skipped/>
  </testcase> <!-- tc1 -->
  <testcase classname="org.pom.Sample" name="tc1" time="0.002">
    <skipped/>
  </testcase> <!-- tc1 -->
  <testcase classname="org.pom.Sample" name="tc1" time="0.001">
    <failure type="java.lang.AssertionError" message="expected [true] but found [false]">
      <![CDATA[java.lang.AssertionError: expected [true] but found [false]
at org.pom.Sample.tc1(Sample.java:9)
... Removed 29 stack frames]]>
    </failure>
  </testcase> <!-- tc1 -->
</testsuite> <!-- testng-rerun -->
