<?xml version="1.0" encoding="UTF-8"?>
<!-- Generated by org.testng.reporters.JUnitXMLReporter -->
<testsuite ignored="3" hostname="KK-LAPTOP" failures="0" tests="5" name="testng-rerun(failed)" time="0.054" errors="0" timestamp="26 May 2024 16:02:07 GMT">
  <testcase classname="org.pom.A" name="tc1" time="0.014"/>
  <testcase classname="org.pom.A" name="tc3" time="0.002"/>
  <testcase classname="org.pom.B" name="tc1" time="0.001"/>
  <testcase classname="org.pom.B" name="tc3" time="0.001"/>
  <testcase classname="org.pom.B" name="tc4" time="0.001"/>
  <testcase classname="org.pom.A" name="tc4" time="0.0">
    <ignored/>
  </testcase> <!-- tc4 -->
  <testcase classname="org.pom.A" name="tc2" time="0.0">
    <ignored/>
  </testcase> <!-- tc2 -->
  <testcase classname="org.pom.B" name="tc2" time="0.0">
    <ignored/>
  </testcase> <!-- tc2 -->
</testsuite> <!-- testng-rerun(failed) -->
