<?xml version="1.0" encoding="UTF-8"?>
<testng-results ignored="0" total="1" passed="1" failed="0" skipped="0">
  <reporter-output>
  </reporter-output>
  <suite started-at="2024-05-27T04:53:48Z" name="Default suite" finished-at="2024-05-27T04:53:57Z" duration-ms="9303">
    <groups>
    </groups>
    <test started-at="2024-05-27T04:53:48Z" name="Default test" finished-at="2024-05-27T04:53:57Z" duration-ms="9303">
      <class name="org.pom.TestParameters">
        <test-method is-config="true" signature="beforeClass()[pri:0, instance:org.pom.TestParameters@6af9fcb2]" started-at="2024-05-27T04:53:48Z" name="beforeClass" finished-at="2024-05-27T04:53:56Z" duration-ms="8229" status="PASS">
          <reporter-output>
          </reporter-output>
        </test-method> <!-- beforeClass -->
        <test-method signature="login()[pri:0, instance:org.pom.TestParameters@6af9fcb2]" started-at="2024-05-27T04:53:56Z" name="login" finished-at="2024-05-27T04:53:57Z" duration-ms="1020" status="PASS">
          <reporter-output>
          </reporter-output>
        </test-method> <!-- login -->
      </class> <!-- org.pom.TestParameters -->
    </test> <!-- Default test -->
  </suite> <!-- Default suite -->
</testng-results>
